2020-11-27 07:28:06,828 INFO osmnx Configured OSMnx
2020-11-27 07:28:06,835 INFO osmnx Pausing 1 seconds before making HTTP GET request
2020-11-27 07:28:07,836 INFO osmnx Get https://nominatim.openstreetmap.org/search?format=json&limit=50&dedupe=0&polygon_geojson=1&q=Monticello%2C+IL%2C+USA with timeout=360
2020-11-27 07:28:08,922 INFO osmnx Downloaded 15.2KB from nominatim.openstreetmap.org
2020-11-27 07:28:08,928 INFO osmnx Saved response to cache file "cache\143d075419b06a6008b04ae329283e1d.json"
2020-11-27 07:28:09,028 INFO osmnx Created GeoDataFrame with 1 rows from 1 queries
2020-11-27 07:28:09,038 INFO osmnx Constructed place geometry polygon(s) to query API
2020-11-27 07:28:09,201 INFO osmnx Projected GeoDataFrame to +proj=utm +zone=16 +ellps=WGS84 +datum=WGS84 +units=m +no_defs +type=crs
2020-11-27 07:28:09,295 INFO osmnx Projected GeoDataFrame to epsg:4326
2020-11-27 07:28:09,405 INFO osmnx Projected GeoDataFrame to +proj=utm +zone=16 +ellps=WGS84 +datum=WGS84 +units=m +no_defs +type=crs
2020-11-27 07:28:09,486 INFO osmnx Projected GeoDataFrame to epsg:4326
2020-11-27 07:28:09,489 INFO osmnx Requesting data within polygon from API in 1 request(s)
2020-11-27 07:28:11,120 INFO osmnx Pausing 0 seconds before making HTTP POST request
2020-11-27 07:28:11,120 INFO osmnx Post http://overpass-api.de/api/interpreter?data=%5Bout%3Ajson%5D%5Btimeout%3A360%5D%3B%28way%5B%22highway%22%5D%5B%22area%22%21~%22yes%22%5D%5B%22highway%22%21~%22cycleway%7Cfootway%7Cpath%7Cpedestrian%7Csteps%7Ctrack%7Ccorridor%7Celevator%7Cescalator%7Cproposed%7Cconstruction%7Cbridleway%7Cabandoned%7Cplatform%7Craceway%7Cservice%22%5D%5B%22motor_vehicle%22%21~%22no%22%5D%5B%22motorcar%22%21~%22no%22%5D%5B%22access%22%21~%22private%22%5D%5B%22service%22%21~%22parking%7Cparking_aisle%7Cdriveway%7Cprivate%7Cemergency_access%22%5D%28poly%3A%2740.029262+-88.613897+40.029702+-88.613874+40.030139+-88.613794+40.030568+-88.613659+40.030984+-88.613470+40.031384+-88.613229+40.031765+-88.612939+40.032121+-88.612601+40.032451+-88.612220+40.032750+-88.611798+40.033016+-88.611341+40.033246+-88.610851+40.033439+-88.610335+40.033592+-88.609797+40.033703+-88.609242+40.033773+-88.608675+40.033925+-88.606865+40.033932+-88.606766+40.033938+-88.606687+40.034004+-88.606549+40.034200+-88.606026+40.034355+-88.605481+40.034468+-88.604919+40.034538+-88.604345+40.034822+-88.600899+40.035146+-88.600795+40.035565+-88.600600+40.035968+-88.600352+40.036351+-88.600054+40.036708+-88.599708+40.037038+-88.599318+40.037336+-88.598887+40.037600+-88.598420+40.037828+-88.597922+40.038016+-88.597396+40.038037+-88.597318+40.038113+-88.597259+40.038461+-88.596923+40.038783+-88.596545+40.039075+-88.596129+40.039335+-88.595678+40.039561+-88.595197+40.039750+-88.594689+40.039901+-88.594161+40.040012+-88.593616+40.040082+-88.593059+40.040111+-88.592497+40.040112+-88.592416+40.040273+-88.592291+40.040625+-88.591956+40.040951+-88.591578+40.041247+-88.591161+40.041510+-88.590709+40.041739+-88.590225+40.041931+-88.589715+40.042084+-88.589184+40.042196+-88.588635+40.042216+-88.588480+40.042281+-88.588415+40.046358+-88.583939+40.046507+-88.583963+40.046951+-88.583976+40.047526+-88.583956+40.047697+-88.584122+40.048080+-88.584422+40.048484+-88.584671+40.048904+-88.584867+40.049338+-88.585008+40.049780+-88.585093+40.050226+-88.585119+40.051516+-88.585114+40.051531+-88.585113+40.054131+-88.585091+40.054576+-88.585058+40.055016+-88.584968+40.055448+-88.584823+40.055866+-88.584622+40.056267+-88.584369+40.056646+-88.584065+40.057001+-88.583714+40.057327+-88.583319+40.057622+-88.582884+40.057882+-88.582413+40.058106+-88.581911+40.058290+-88.581383+40.058433+-88.580833+40.058533+-88.580268+40.058590+-88.579693+40.058603+-88.579113+40.058600+-88.578897+40.058597+-88.577846+40.058616+-88.576542+40.058656+-88.574952+40.058658+-88.574773+40.058661+-88.573253+40.058719+-88.573238+40.059095+-88.573094+40.059178+-88.573057+40.059602+-88.572836+40.060006+-88.572561+40.060387+-88.572234+40.060741+-88.571858+40.061063+-88.571437+40.061351+-88.570977+40.061602+-88.570480+40.061670+-88.570310+40.061964+-88.569978+40.062019+-88.569909+40.062325+-88.569486+40.062374+-88.569411+40.062663+-88.568918+40.062706+-88.568836+40.062797+-88.568639+40.063259+-88.568362+40.063495+-88.568210+40.063649+-88.568103+40.064027+-88.567808+40.064381+-88.567467+40.064708+-88.567082+40.065004+-88.566658+40.065267+-88.566198+40.065495+-88.565707+40.065684+-88.565189+40.065822+-88.564692+40.066040+-88.564677+40.066485+-88.564588+40.066920+-88.564442+40.067342+-88.564239+40.067747+-88.563983+40.068130+-88.563676+40.068488+-88.563321+40.069301+-88.562425+40.069611+-88.562193+40.069920+-88.561913+40.070211+-88.561602+40.071295+-88.560335+40.071559+-88.559999+40.072083+-88.559277+40.072361+-88.558857+40.072606+-88.558405+40.072818+-88.557924+40.072994+-88.557420+40.073132+-88.556897+40.073232+-88.556359+40.073293+-88.555811+40.073313+-88.555258+40.073321+-88.546528+40.073307+-88.546047+40.073262+-88.545569+40.073175+-88.544881+40.073084+-88.544331+40.072953+-88.543794+40.072784+-88.543277+40.072577+-88.542783+40.072335+-88.542317+40.072059+-88.541884+40.071753+-88.541486+40.071419+-88.541129+40.071060+-88.540816+40.070680+-88.540548+40.070282+-88.540329+40.069869+-88.540161+40.069446+-88.540045+40.069017+-88.539982+40.068585+-88.539974+40.068154+-88.540019+40.067728+-88.540118+40.067312+-88.540269+40.066909+-88.540472+40.066522+-88.540724+40.066156+-88.541023+40.065814+-88.541366+40.064206+-88.543144+40.062758+-88.544719+40.061849+-88.544225+40.061432+-88.544030+40.061002+-88.543888+40.060563+-88.543802+40.060120+-88.543773+40.059677+-88.543801+40.059238+-88.543886+40.058807+-88.544026+40.058389+-88.544220+40.057989+-88.544468+40.057608+-88.544765+40.057252+-88.545109+40.056924+-88.545498+40.056627+-88.545926+40.054358+-88.549540+40.054096+-88.550002+40.053870+-88.550494+40.053682+-88.551012+40.053534+-88.551552+40.053481+-88.551829+40.053284+-88.551825+40.052841+-88.551844+40.052401+-88.551920+40.051969+-88.552051+40.051549+-88.552238+40.051145+-88.552477+40.050761+-88.552767+40.050401+-88.553105+40.050069+-88.553487+40.049766+-88.553910+40.049498+-88.554369+40.049265+-88.554861+40.049070+-88.555380+40.048916+-88.555922+40.048814+-88.556431+40.048612+-88.556543+40.048216+-88.556827+40.047843+-88.557161+40.047841+-88.557163+40.047622+-88.557260+40.047214+-88.557502+40.046827+-88.557795+40.046463+-88.558137+40.046128+-88.558525+40.045825+-88.558952+40.045617+-88.558667+40.045292+-88.558299+40.044942+-88.557974+40.044570+-88.557693+40.044178+-88.557460+40.043772+-88.557276+40.043354+-88.557144+40.042928+-88.557064+40.042498+-88.557038+40.041487+-88.557039+40.041452+-88.557017+40.041033+-88.556822+40.040600+-88.556681+40.040159+-88.556596+40.039714+-88.556569+40.033161+-88.556589+40.033062+-88.556447+40.033054+-88.556402+40.032906+-88.555859+40.032717+-88.555337+40.032641+-88.555170+40.032652+-88.554847+40.032645+-88.551812+40.032623+-88.551242+40.032557+-88.550677+40.032450+-88.550123+40.032302+-88.549586+40.032114+-88.549069+40.031889+-88.548579+40.031628+-88.548120+40.031334+-88.547696+40.031009+-88.547312+40.030657+-88.546970+40.030282+-88.546675+40.029886+-88.546428+40.029473+-88.546233+40.029048+-88.546091+40.028614+-88.546003+40.028176+-88.545971+40.025158+-88.545942+40.024716+-88.545965+40.024278+-88.546046+40.023848+-88.546181+40.023431+-88.546371+40.023030+-88.546613+40.022649+-88.546905+40.022292+-88.547244+40.022117+-88.547448+40.021465+-88.547445+40.021026+-88.547471+40.020591+-88.547552+40.020164+-88.547688+40.019749+-88.547878+40.019351+-88.548120+40.018972+-88.548410+40.018617+-88.548748+40.018289+-88.549129+40.017992+-88.549549+40.017727+-88.550006+40.017497+-88.550494+40.017306+-88.551008+40.017153+-88.551545+40.017042+-88.552098+40.017017+-88.552299+40.016794+-88.552346+40.016372+-88.552492+40.015963+-88.552690+40.015571+-88.552939+40.015199+-88.553236+40.014851+-88.553579+40.014529+-88.553964+40.014239+-88.554387+40.013980+-88.554845+40.013758+-88.555334+40.013572+-88.555848+40.013426+-88.556383+40.013321+-88.556934+40.013257+-88.557496+40.013235+-88.558063+40.013228+-88.562335+40.013186+-88.562357+40.012789+-88.562629+40.012415+-88.562951+40.012067+-88.563320+40.011749+-88.563732+40.011465+-88.564183+40.011216+-88.564669+40.011005+-88.565184+40.010835+-88.565724+40.010708+-88.566284+40.010623+-88.566857+40.010583+-88.567438+40.010566+-88.567994+40.010271+-88.567998+40.009832+-88.568032+40.009398+-88.568121+40.008972+-88.568265+40.008559+-88.568463+40.008163+-88.568712+40.007900+-88.568921+40.007860+-88.568921+40.007420+-88.568953+40.006985+-88.569041+40.006558+-88.569183+40.006143+-88.569379+40.005746+-88.569627+40.005369+-88.569925+40.005016+-88.570269+40.004992+-88.570297+40.002998+-88.570313+40.002559+-88.570345+40.002125+-88.570432+40.001699+-88.570573+40.001286+-88.570768+40.000889+-88.571015+40.000513+-88.571310+40.000161+-88.571652+39.999836+-88.572037+39.999541+-88.572461+39.999280+-88.572920+39.999054+-88.573411+39.998866+-88.573927+39.998718+-88.574465+39.998610+-88.575020+39.998545+-88.575585+39.998523+-88.576156+39.998517+-88.579341+39.998538+-88.579922+39.998603+-88.580498+39.998712+-88.581062+39.998863+-88.581609+39.999056+-88.582134+39.999287+-88.582631+39.999555+-88.583097+39.999858+-88.583525+40.000191+-88.583912+40.000553+-88.584255+40.000939+-88.584549+40.001345+-88.584792+40.001401+-88.584817+40.001480+-88.584869+40.001884+-88.585072+40.002300+-88.585224+40.002726+-88.585323+40.003158+-88.585368+40.003591+-88.585360+40.005267+-88.585221+40.007927+-88.585221+40.007944+-88.585221+40.010267+-88.585208+40.010527+-88.585240+40.010956+-88.585266+40.013614+-88.585262+40.014055+-88.585233+40.014166+-88.585212+40.009298+-88.591963+40.009019+-88.592387+40.008774+-88.592844+40.008103+-88.594226+40.007633+-88.595161+40.007409+-88.595658+40.007224+-88.596180+40.007079+-88.596723+40.006976+-88.597283+40.006915+-88.597852+40.006898+-88.598427+40.006924+-88.599001+40.006993+-88.599569+40.007105+-88.600126+40.007259+-88.600665+40.007452+-88.601183+40.007683+-88.601673+40.007950+-88.602131+40.008251+-88.602553+40.008582+-88.602935+40.008940+-88.603273+40.009322+-88.603563+40.009724+-88.603803+40.010142+-88.603991+40.010572+-88.604125+40.011010+-88.604203+40.011452+-88.604225+40.013915+-88.604189+40.014355+-88.604154+40.014791+-88.604064+40.015218+-88.603919+40.015632+-88.603720+40.016029+-88.603469+40.016405+-88.603169+40.016756+-88.602822+40.017080+-88.602433+40.017374+-88.602004+40.017424+-88.601914+40.017643+-88.602290+40.017944+-88.602711+40.018275+-88.603092+40.018633+-88.603429+40.019014+-88.603718+40.019416+-88.603958+40.019833+-88.604145+40.020236+-88.604270+40.020190+-88.606186+40.020188+-88.606326+40.020179+-88.607952+40.020197+-88.608526+40.020259+-88.609095+40.020363+-88.609654+40.020509+-88.610196+40.020695+-88.610718+40.020919+-88.611213+40.021180+-88.611677+40.021474+-88.612106+40.021800+-88.612495+40.022153+-88.612841+40.022530+-88.613140+40.022928+-88.613389+40.023343+-88.613587+40.023771+-88.613731+40.024207+-88.613820+40.024649+-88.613852+40.029262+-88.613897%27%29%3B%3E%3B%29%3Bout%3B with timeout=360
2020-11-27 07:28:13,199 INFO osmnx Downloaded 279.0KB from overpass-api.de
2020-11-27 07:28:13,215 INFO osmnx Saved response to cache file "cache\88e521f102cb96ee989aadd73476c559.json"
2020-11-27 07:28:13,216 INFO osmnx Got all network data within polygon from API in 1 request(s)
2020-11-27 07:28:13,216 INFO osmnx Creating graph from downloaded OSM data...
2020-11-27 07:28:13,265 INFO osmnx Created graph with 1654 nodes and 3395 edges
2020-11-27 07:28:13,355 INFO osmnx Added edge lengths to graph
2020-11-27 07:28:13,356 INFO osmnx Identifying all nodes that lie outside the polygon...
2020-11-27 07:28:13,434 INFO osmnx Created nodes GeoDataFrame from graph
2020-11-27 07:28:13,572 INFO osmnx Created r-tree spatial index for 1654 geometries
2020-11-27 07:28:13,653 INFO osmnx Identified 1419 geometries inside polygon
2020-11-27 07:28:13,688 INFO osmnx Removed 235 nodes outside polygon
2020-11-27 07:28:13,688 INFO osmnx Truncated graph by polygon
2020-11-27 07:28:13,698 INFO osmnx Begin topologically simplifying the graph...
2020-11-27 07:28:13,764 INFO osmnx Identified 470 edge endpoints
2020-11-27 07:28:13,899 INFO osmnx Simplified graph: 1419 to 470 nodes, 2960 to 1258 edges
2020-11-27 07:28:13,902 INFO osmnx Identifying all nodes that lie outside the polygon...
2020-11-27 07:28:13,957 INFO osmnx Created nodes GeoDataFrame from graph
2020-11-27 07:28:14,015 INFO osmnx Created r-tree spatial index for 470 geometries
2020-11-27 07:28:14,133 INFO osmnx Identified 397 geometries inside polygon
2020-11-27 07:28:14,151 INFO osmnx Removed 73 nodes outside polygon
2020-11-27 07:28:14,172 INFO osmnx Removed 3 isolated nodes
2020-11-27 07:28:14,212 INFO osmnx Got largest weakly connected component (342 of 394 total nodes)
2020-11-27 07:28:14,213 INFO osmnx Truncated graph by polygon
2020-11-27 07:28:14,283 INFO osmnx Counted undirected street segments incident to each node
2020-11-27 07:28:14,285 INFO osmnx graph_from_polygon returned graph with 342 nodes and 987 edges
2020-11-27 07:28:14,290 INFO osmnx graph_from_place returned graph with 342 nodes and 987 edges
2020-11-27 07:28:14,418 INFO osmnx Created edges GeoDataFrame from graph
2020-11-27 07:28:14,438 INFO osmnx Found nearest edge ((236822217, 6965556942, 0)) to point (40.0771941171838, -88.293878452)
2020-11-27 07:28:14,457 INFO osmnx Found nearest node (6965556942) to point (40.0771941171838, -88.293878452)
2020-11-27 07:29:47,994 INFO osmnx Configured OSMnx
2020-11-27 07:29:48,014 INFO osmnx Retrieved response from cache file "cache\ba56b0295c0784bf3705759e4470bdc2.json"
2020-11-27 07:29:48,054 INFO osmnx Created GeoDataFrame with 1 rows from 1 queries
2020-11-27 07:29:48,054 INFO osmnx Constructed place geometry polygon(s) to query API
2020-11-27 07:29:48,158 INFO osmnx Projected GeoDataFrame to +proj=utm +zone=16 +ellps=WGS84 +datum=WGS84 +units=m +no_defs +type=crs
2020-11-27 07:29:48,249 INFO osmnx Projected GeoDataFrame to epsg:4326
2020-11-27 07:29:48,344 INFO osmnx Projected GeoDataFrame to +proj=utm +zone=16 +ellps=WGS84 +datum=WGS84 +units=m +no_defs +type=crs
2020-11-27 07:29:48,416 INFO osmnx Projected GeoDataFrame to epsg:4326
2020-11-27 07:29:48,421 INFO osmnx Requesting data within polygon from API in 1 request(s)
2020-11-27 07:29:48,506 INFO osmnx Retrieved response from cache file "cache\0c87b1f34d241026966e1d2aba57fdaa.json"
2020-11-27 07:29:48,507 INFO osmnx Got all network data within polygon from API in 1 request(s)
2020-11-27 07:29:48,515 INFO osmnx Creating graph from downloaded OSM data...
2020-11-27 07:29:49,136 INFO osmnx Created graph with 23472 nodes and 46817 edges
2020-11-27 07:29:49,839 INFO osmnx Added edge lengths to graph
2020-11-27 07:29:49,850 INFO osmnx Identifying all nodes that lie outside the polygon...
2020-11-27 07:29:50,349 INFO osmnx Created nodes GeoDataFrame from graph
2020-11-27 07:29:51,839 INFO osmnx Created r-tree spatial index for 23472 geometries
2020-11-27 07:29:52,635 INFO osmnx Identified 22211 geometries inside polygon
2020-11-27 07:29:53,198 INFO osmnx Removed 1261 nodes outside polygon
2020-11-27 07:29:53,198 INFO osmnx Truncated graph by polygon
2020-11-27 07:29:53,281 INFO osmnx Begin topologically simplifying the graph...
2020-11-27 07:29:54,142 INFO osmnx Identified 3042 edge endpoints
2020-11-27 07:29:56,533 INFO osmnx Simplified graph: 22211 to 3042 nodes, 44580 to 8561 edges
2020-11-27 07:29:56,556 INFO osmnx Identifying all nodes that lie outside the polygon...
2020-11-27 07:29:56,634 INFO osmnx Created nodes GeoDataFrame from graph
2020-11-27 07:29:56,832 INFO osmnx Created r-tree spatial index for 3042 geometries
2020-11-27 07:29:57,164 INFO osmnx Identified 2568 geometries inside polygon
2020-11-27 07:29:57,262 INFO osmnx Removed 474 nodes outside polygon
2020-11-27 07:29:57,352 INFO osmnx Removed 8 isolated nodes
2020-11-27 07:29:57,534 INFO osmnx Got largest weakly connected component (2099 of 2560 total nodes)
2020-11-27 07:29:57,539 INFO osmnx Truncated graph by polygon
2020-11-27 07:29:58,267 INFO osmnx Counted undirected street segments incident to each node
2020-11-27 07:29:58,288 INFO osmnx graph_from_polygon returned graph with 2099 nodes and 6141 edges
2020-11-27 07:29:58,314 INFO osmnx graph_from_place returned graph with 2099 nodes and 6141 edges
2020-11-27 07:31:18,131 INFO osmnx Created edges GeoDataFrame from graph
2020-11-27 07:31:18,193 INFO osmnx Found nearest edge ((37953448, 37947267, 0)) to point (40.03036958243988, -88.58548850834148)
2020-11-27 07:34:58,632 INFO osmnx Found nearest node (38050821) to point (40.03036958243988, -88.58548850834148)
